<?xml version="1.0" encoding="UTF-8"?>
<robot generator="Robot 7.3.2 (Python 3.12.3 on linux)" generated="2025-11-10T13:48:40.424880" rpa="false" schemaversion="5">
<suite id="s1" name="Tests" source="/home/mantylak/Asiakirjat/Courses/ohtu/palautusrepositorio/viikko3/hello-robot/src/tests">
<suite id="s1-s1" name="Increase Counter" source="/home/mantylak/Asiakirjat/Courses/ohtu/palautusrepositorio/viikko3/hello-robot/src/tests/increase_counter.robot">
<test id="s1-s1-t1" name="Increase Counter Once" line="5">
<kw name="Counter Value Should Be" owner="CounterLibrary">
<arg>0</arg>
<status status="PASS" start="2025-11-10T13:48:40.455913" elapsed="0.000311"/>
</kw>
<kw name="Increase Counter" owner="CounterLibrary">
<status status="PASS" start="2025-11-10T13:48:40.456488" elapsed="0.000130"/>
</kw>
<kw name="Counter Value Should Be" owner="CounterLibrary">
<arg>1</arg>
<status status="PASS" start="2025-11-10T13:48:40.456755" elapsed="0.000109"/>
</kw>
<status status="PASS" start="2025-11-10T13:48:40.455065" elapsed="0.001951"/>
</test>
<test id="s1-s1-t2" name="Increase Counter Many Times" line="10">
<kw name="Counter Value Should Be" owner="CounterLibrary">
<arg>0</arg>
<status status="PASS" start="2025-11-10T13:48:40.457550" elapsed="0.000134"/>
</kw>
<kw name="Increase Counter" owner="CounterLibrary">
<status status="PASS" start="2025-11-10T13:48:40.457811" elapsed="0.000456"/>
</kw>
<kw name="Increase Counter" owner="CounterLibrary">
<status status="PASS" start="2025-11-10T13:48:40.458441" elapsed="0.000095"/>
</kw>
<kw name="Increase Counter" owner="CounterLibrary">
<status status="PASS" start="2025-11-10T13:48:40.458646" elapsed="0.000090"/>
</kw>
<kw name="Counter Value Should Be" owner="CounterLibrary">
<arg>3</arg>
<status status="PASS" start="2025-11-10T13:48:40.458837" elapsed="0.000099"/>
</kw>
<status status="PASS" start="2025-11-10T13:48:40.457243" elapsed="0.001892"/>
</test>
<test id="s1-s1-t3" name="Increment Counter By Amount" line="17">
<kw name="Counter Value Should Be" owner="CounterLibrary">
<arg>0</arg>
<status status="PASS" start="2025-11-10T13:48:40.459742" elapsed="0.000142"/>
</kw>
<kw name="Increment Counter By" owner="CounterLibrary">
<arg>5</arg>
<status status="PASS" start="2025-11-10T13:48:40.460006" elapsed="0.000102"/>
</kw>
<kw name="Counter Value Should Be" owner="CounterLibrary">
<arg>5</arg>
<status status="PASS" start="2025-11-10T13:48:40.460251" elapsed="0.000092"/>
</kw>
<status status="PASS" start="2025-11-10T13:48:40.459411" elapsed="0.001058"/>
</test>
<status status="PASS" start="2025-11-10T13:48:40.451359" elapsed="0.009561"/>
</suite>
<suite id="s1-s2" name="Reser Counter" source="/home/mantylak/Asiakirjat/Courses/ohtu/palautusrepositorio/viikko3/hello-robot/src/tests/reser_counter.robot">
<test id="s1-s2-t1" name="Reset Counter After One Increment" line="5">
<kw name="Counter Value Should Be" owner="CounterLibrary">
<arg>0</arg>
<status status="PASS" start="2025-11-10T13:48:40.463534" elapsed="0.000156"/>
</kw>
<kw name="Increase Counter" owner="CounterLibrary">
<status status="PASS" start="2025-11-10T13:48:40.463849" elapsed="0.000097"/>
</kw>
<kw name="Counter Value Should Be" owner="CounterLibrary">
<arg>1</arg>
<status status="PASS" start="2025-11-10T13:48:40.464057" elapsed="0.000116"/>
</kw>
<kw name="Reset Counter" owner="CounterLibrary">
<status status="PASS" start="2025-11-10T13:48:40.464287" elapsed="0.000091"/>
</kw>
<kw name="Counter Value Should Be" owner="CounterLibrary">
<arg>0</arg>
<status status="PASS" start="2025-11-10T13:48:40.464478" elapsed="0.000094"/>
</kw>
<status status="PASS" start="2025-11-10T13:48:40.463156" elapsed="0.001550"/>
</test>
<test id="s1-s2-t2" name="Reset Counter After Several Increments" line="12">
<kw name="Counter Value Should Be" owner="CounterLibrary">
<arg>0</arg>
<status status="PASS" start="2025-11-10T13:48:40.465276" elapsed="0.000381"/>
</kw>
<kw name="Increment Counter By" owner="CounterLibrary">
<arg>5</arg>
<status status="PASS" start="2025-11-10T13:48:40.465826" elapsed="0.000126"/>
</kw>
<kw name="Counter Value Should Be" owner="CounterLibrary">
<arg>5</arg>
<status status="PASS" start="2025-11-10T13:48:40.466081" elapsed="0.000109"/>
</kw>
<kw name="Reset Counter" owner="CounterLibrary">
<status status="PASS" start="2025-11-10T13:48:40.466306" elapsed="0.000091"/>
</kw>
<kw name="Counter Value Should Be" owner="CounterLibrary">
<arg>0</arg>
<status status="PASS" start="2025-11-10T13:48:40.466505" elapsed="0.000096"/>
</kw>
<status status="PASS" start="2025-11-10T13:48:40.464909" elapsed="0.001839"/>
</test>
<status status="PASS" start="2025-11-10T13:48:40.461365" elapsed="0.005697"/>
</suite>
<status status="PASS" start="2025-11-10T13:48:40.425917" elapsed="0.041640"/>
</suite>
<statistics>
<total>
<stat pass="5" fail="0" skip="0">All Tests</stat>
</total>
<tag>
</tag>
<suite>
<stat name="Tests" id="s1" pass="5" fail="0" skip="0">Tests</stat>
<stat name="Increase Counter" id="s1-s1" pass="3" fail="0" skip="0">Tests.Increase Counter</stat>
<stat name="Reser Counter" id="s1-s2" pass="2" fail="0" skip="0">Tests.Reser Counter</stat>
</suite>
</statistics>
<errors>
</errors>
</robot>
